#
# A fatal error has been detected by the Java Runtime Environment:
#
#  EXCEPTION_ACCESS_VIOLATION (0xc0000005) at pc=0x000000006463f720, pid=17968, tid=0x0000000000003ba4
#
# JRE version: Java(TM) SE Runtime Environment (8.0_101-b13) (build 1.8.0_101-b13)
# Java VM: Java HotSpot(TM) 64-Bit Server VM (25.101-b13 mixed mode windows-amd64 compressed oops)
# Problematic frame:
# V  [jvm.dll+0xaf720]
#
# Failed to write core dump. Minidumps are not enabled by default on client versions of Windows
#
# If you would like to submit a bug report, please visit:
#   http://bugreport.java.com/bugreport/crash.jsp
#

---------------  T H R E A D  ---------------

Current thread (0x0000000002ded000):  GCTaskThread [stack: 0x0000000012650000,0x0000000012750000] [id=15268]

siginfo: ExceptionCode=0xc0000005, reading address 0x0000000000000030

Registers:
RAX=0x0000000012c50000, RBX=0x00000000faefedf0, RCX=0x00000000faefedf0, RDX=0x0000000000000028
RSP=0x000000001274f798, RBP=0x00000000145c64b0, RSI=0x0000000002ec8a10, RDI=0x0000000002ec8a10
R8 =0x00000000000d77f6, R9 =0x0000000100c49428, R10=0x000000000000000c, R11=0x0000000000007103
R12=0x0000000002ded370, R13=0x0000000002ded748, R14=0x00000000000003d8, R15=0x00000000faeff948
RIP=0x000000006463f720, EFLAGS=0x0000000000010206

Top of Stack: (sp=0x000000001274f798)
0x000000001274f798:   000000006469acb7 0000000064daa6d0
0x000000001274f7a8:   0000000000000003 00000000e02bad88
0x000000001274f7b8:   000000006498b988 0000000002ec8a10
0x000000001274f7c8:   00000000646a42af 00000000faefedf0
0x000000001274f7d8:   0000000000000004 00000000e0001124
0x000000001274f7e8:   000000006469ace2 0000000002ec8a10
0x000000001274f7f8:   00000000646a4590 0000000100c49428
0x000000001274f808:   00000000e00436e4 0000000000000004
0x000000001274f818:   00000000647ad202 0000000000000000
0x000000001274f828:   00000000000003d8 0000000002ded748
0x000000001274f838:   0000000002de2010 0000000000007102
0x000000001274f848:   0000000064987a50 0000000015344858
0x000000001274f858:   00000000145c64b0 0000000002ec8a10
0x000000001274f868:   0000000002ded370 0000000000000000
0x000000001274f878:   0000000000000c00 0000000000000000
0x000000001274f888:   0000000000000000 0000000000000000 

Instructions: (pc=0x000000006463f720)
0x000000006463f700:   0c b7 1d 00 48 8b 9c 24 d0 00 00 00 48 81 c4 c0
0x000000006463f710:   00 00 00 5d c3 cc cc cc cc cc cc cc cc cc cc cc
0x000000006463f720:   44 8b 42 08 4c 8b ca 45 85 c0 7e 0e 41 f6 c0 01
0x000000006463f730:   75 57 41 c1 f8 03 41 8b c0 c3 79 4d 80 3d 2e bc 


Register to memory mapping:

RAX=0x0000000012c50000 is an unknown value
RBX=0x00000000faefedf0 is an oop

[error occurred during error reporting (printing register info), id 0xc0000005]

Stack: [0x0000000012650000,0x0000000012750000],  sp=0x000000001274f798,  free space=1021k
Native frames: (J=compiled Java code, j=interpreted, Vv=VM code, C=native code)
V  [jvm.dll+0xaf720]


---------------  P R O C E S S  ---------------

Java Threads: ( => current thread )
  0x000000002a9db000 JavaThread "RMI TCP Connection(56)-127.0.0.1" daemon [_thread_blocked, id=22828, stack(0x0000000025a20000,0x0000000025b20000)]
  0x000000002a9de800 JavaThread "RMI TCP Connection(55)-127.0.0.1" daemon [_thread_blocked, id=17288, stack(0x00000000256b0000,0x00000000257b0000)]
  0x000000002a9dc800 JavaThread "RMI TCP Connection(54)-127.0.0.1" daemon [_thread_blocked, id=10856, stack(0x0000000025150000,0x0000000025250000)]
  0x000000002a9de000 JavaThread "RMI TCP Connection(53)-127.0.0.1" daemon [_thread_in_native, id=22660, stack(0x00000000229f0000,0x0000000022af0000)]
  0x000000002a9d8800 JavaThread "ForkJoinPool-8-worker-0" daemon [_thread_blocked, id=16516, stack(0x0000000025050000,0x0000000025150000)]
  0x000000002a9dd000 JavaThread "ForkJoinPool-8-worker-7" daemon [_thread_blocked, id=21752, stack(0x0000000024d30000,0x0000000024e30000)]
  0x000000002a9d1000 JavaThread "ForkJoinPool-8-worker-6" daemon [_thread_blocked, id=8988, stack(0x0000000024470000,0x0000000024570000)]
  0x000000002a9d8000 JavaThread "ForkJoinPool-8-worker-5" daemon [_thread_blocked, id=17844, stack(0x0000000024270000,0x0000000024370000)]
  0x000000002a9d6800 JavaThread "ForkJoinPool-8-worker-4" daemon [_thread_blocked, id=13820, stack(0x0000000024070000,0x0000000024170000)]
  0x000000002a9d7000 JavaThread "ForkJoinPool-8-worker-3" daemon [_thread_blocked, id=21580, stack(0x0000000023f70000,0x0000000024070000)]
  0x000000002a9ce000 JavaThread "ForkJoinPool-8-worker-2" daemon [_thread_blocked, id=6320, stack(0x0000000022c30000,0x0000000022d30000)]
  0x000000002a9cd000 JavaThread "ForkJoinPool-8-worker-1" daemon [_thread_blocked, id=21160, stack(0x00000000228f0000,0x00000000229f0000)]
  0x000000002a9d2800 JavaThread "WorkerExecutor Queue Thread 22" [_thread_blocked, id=16272, stack(0x00000000223f0000,0x00000000224f0000)]
  0x000000002a9cc800 JavaThread "WorkerExecutor Queue Thread 19" [_thread_blocked, id=15120, stack(0x0000000024370000,0x0000000024470000)]
  0x000000002a9ce800 JavaThread "WorkerExecutor Queue Thread 17" [_thread_blocked, id=6828, stack(0x0000000024170000,0x0000000024270000)]
  0x000000002a9c7000 JavaThread "RMI TCP Accept-0" daemon [_thread_in_native, id=8588, stack(0x0000000040160000,0x0000000040260000)]
  0x000000002a9c5000 JavaThread "RMI Reaper" [_thread_blocked, id=12244, stack(0x0000000041060000,0x0000000041160000)]
  0x000000002a9cb800 JavaThread "RMI TCP Accept-0" daemon [_thread_in_native, id=11732, stack(0x0000000040f60000,0x0000000041060000)]
  0x000000002a9ca000 JavaThread "GC Daemon" daemon [_thread_blocked, id=23224, stack(0x0000000040e60000,0x0000000040f60000)]
  0x000000002a9cb000 JavaThread "Cache worker for Java compile cache (C:\Users\benja\Desktop\Github\PeekABoo\android\.gradle\6.5.1\javaCompile)" [_thread_blocked, id=13064, stack(0x0000000040760000,0x0000000040860000)]
  0x00000000274e6000 JavaThread "Cache worker for execution history cache (C:\Users\benja\Desktop\Github\PeekABoo\android\.gradle\6.5.1\executionHistory)" [_thread_blocked, id=6636, stack(0x000000003e860000,0x000000003e960000)]
  0x000000001e1fe800 JavaThread "Execution worker for ':' Thread 7" [_thread_blocked, id=9936, stack(0x000000003e760000,0x000000003e860000)]
  0x000000001e1fd800 JavaThread "Execution worker for ':' Thread 6" [_thread_blocked, id=7440, stack(0x000000003e660000,0x000000003e760000)]
  0x000000001e1fd000 JavaThread "Execution worker for ':' Thread 5" [_thread_blocked, id=16388, stack(0x000000003e360000,0x000000003e460000)]
  0x000000001e1fc000 JavaThread "Execution worker for ':' Thread 4" [_thread_blocked, id=21056, stack(0x000000003e260000,0x000000003e360000)]
  0x000000001e1fb800 JavaThread "Execution worker for ':' Thread 3" [_thread_blocked, id=9540, stack(0x000000003e160000,0x000000003e260000)]
  0x000000001e1f9000 JavaThread "Execution worker for ':' Thread 2" [_thread_blocked, id=20000, stack(0x000000003e060000,0x000000003e160000)]
  0x000000001e1fa000 JavaThread "Execution worker for ':'" [_thread_blocked, id=17736, stack(0x000000003df60000,0x000000003e060000)]
  0x000000001e1f0800 JavaThread "Cache worker for file content cache (C:\Users\benja\Desktop\Github\PeekABoo\android\.gradle\6.5.1\fileContent)" [_thread_blocked, id=22656, stack(0x000000001da30000,0x000000001db30000)]
  0x000000001e1f4800 JavaThread "Cache worker for Build Output Cleanup Cache (C:\Users\benja\Desktop\Github\PeekABoo\android\.gradle\buildOutputCleanup)" [_thread_blocked, id=21920, stack(0x00000000388c0000,0x00000000389c0000)]
  0x00000000179d1800 JavaThread "Build operations Thread 8" [_thread_blocked, id=18208, stack(0x0000000021e00000,0x0000000021f00000)]
  0x00000000179d1000 JavaThread "Build operations Thread 7" [_thread_blocked, id=12168, stack(0x0000000020a30000,0x0000000020b30000)]
  0x00000000179d0000 JavaThread "Build operations Thread 6" [_thread_blocked, id=21800, stack(0x00000000206a0000,0x00000000207a0000)]
  0x00000000179d3000 JavaThread "Build operations Thread 5" [_thread_blocked, id=20720, stack(0x00000000205a0000,0x00000000206a0000)]
  0x00000000179cf800 JavaThread "Build operations Thread 4" [_thread_blocked, id=9984, stack(0x00000000204a0000,0x00000000205a0000)]
  0x00000000179ce800 JavaThread "Build operations Thread 3" [_thread_blocked, id=14448, stack(0x00000000203a0000,0x00000000204a0000)]
  0x00000000179ce000 JavaThread "Build operations Thread 2" [_thread_blocked, id=8792, stack(0x0000000020080000,0x0000000020180000)]
  0x00000000179c9000 JavaThread "Build operations" [_thread_blocked, id=22408, stack(0x000000001f880000,0x000000001f980000)]
  0x00000000179c6000 JavaThread "Cache worker for cache directory md-rule (C:\Users\benja\.gradle\caches\6.5.1\md-rule)" [_thread_blocked, id=23548, stack(0x000000001ee70000,0x000000001ef70000)]
  0x00000000179cd000 JavaThread "Cache worker for cache directory md-supplier (C:\Users\benja\.gradle\caches\6.5.1\md-supplier)" [_thread_blocked, id=17148, stack(0x000000001db30000,0x000000001dc30000)]
  0x00000000179cc800 JavaThread "Cache worker for checksums cache (C:\Users\benja\Desktop\Github\PeekABoo\android\.gradle\checksums)" [_thread_blocked, id=21620, stack(0x000000001d930000,0x000000001da30000)]
  0x00000000179ca800 JavaThread "Cache worker for file hash cache (C:\Users\benja\Desktop\Github\PeekABoo\android\.gradle\6.5.1\fileHashes)" [_thread_blocked, id=22156, stack(0x000000001d830000,0x000000001d930000)]
  0x00000000179c4800 JavaThread "Thread-1420" [_thread_blocked, id=18248, stack(0x000000001b090000,0x000000001b190000)]
  0x00000000179c7800 JavaThread "Stdin handler" [_thread_blocked, id=21872, stack(0x000000001af90000,0x000000001b090000)]
  0x00000000179cb800 JavaThread "Asynchronous log dispatcher for DefaultDaemonConnection: socket connection from /127.0.0.1:54984 to /127.0.0.1:62504" [_thread_blocked, id=9188, stack(0x000000001a790000,0x000000001a890000)]
  0x00000000179c4000 JavaThread "Cancel handler" [_thread_blocked, id=17656, stack(0x000000001a320000,0x000000001a420000)]
  0x00000000179c7000 JavaThread "Handler for socket connection from /127.0.0.1:54984 to /127.0.0.1:62504" [_thread_in_native, id=19140, stack(0x0000000001220000,0x0000000001320000)]
  0x00000000181ba000 JavaThread "Daemon worker Thread 9" [_thread_blocked, id=8504, stack(0x000000001a220000,0x000000001a320000)]
  0x00000000181b6000 JavaThread "Daemon Thread 9" [_thread_blocked, id=1504, stack(0x0000000000fe0000,0x00000000010e0000)]
  0x000000001ec04000 JavaThread "Device List Monitor" [_thread_in_native, id=14272, stack(0x000000002a8a0000,0x000000002a9a0000)]
  0x000000001ebfe000 JavaThread "Monitor" [_thread_in_native, id=23524, stack(0x0000000026d30000,0x0000000026e30000)]
  0x000000001ebf1000 JavaThread "RMI TCP Accept-0" daemon [_thread_in_native, id=23024, stack(0x0000000020b30000,0x0000000020c30000)]
  0x00000000181be800 JavaThread "RMI TCP Accept-0" daemon [_thread_in_native, id=11060, stack(0x000000002f630000,0x000000002f730000)]
  0x00000000181b3000 JavaThread "RMI Scheduler(0)" daemon [_thread_blocked, id=9576, stack(0x000000002ee30000,0x000000002ef30000)]
  0x00000000196cd000 JavaThread "Cache worker for Java compile cache (C:\Users\benja\.gradle\caches\6.5.1\javaCompile)" [_thread_blocked, id=21756, stack(0x000000002c7d0000,0x000000002c8d0000)]
  0x000000001e1fa800 JavaThread "Memory manager" [_thread_blocked, id=21052, stack(0x000000002a7a0000,0x000000002a8a0000)]
  0x0000000018fff800 JavaThread "Cache worker for file content cache (C:\Users\benja\.gradle\caches\6.5.1\fileContent)" [_thread_blocked, id=6108, stack(0x000000001f980000,0x000000001fa80000)]
  0x0000000019003800 JavaThread "Cache worker for execution history cache (C:\Users\benja\.gradle\caches\6.5.1\executionHistory)" [_thread_blocked, id=10868, stack(0x000000001ef70000,0x000000001f070000)]
  0x0000000018fff000 JavaThread "Cache worker for file hash cache (C:\Users\benja\.gradle\caches\6.5.1\fileHashes)" [_thread_blocked, id=14088, stack(0x000000001b590000,0x000000001b690000)]
  0x0000000019002000 JavaThread "File lock request listener" [_thread_in_native, id=4624, stack(0x000000001b290000,0x000000001b390000)]
  0x0000000018ffe000 JavaThread "Cache worker for journal cache (C:\Users\benja\.gradle\caches\journal-1)" [_thread_blocked, id=12800, stack(0x000000001b190000,0x000000001b290000)]
  0x0000000018f1d000 JavaThread "Daemon periodic checks" [_thread_blocked, id=2184, stack(0x000000001a690000,0x000000001a790000)]
  0x0000000018f1c000 JavaThread "Incoming local TCP Connector on port 54984" [_thread_in_native, id=16520, stack(0x000000001a420000,0x000000001a520000)]
  0x0000000018b94800 JavaThread "Daemon health stats" [_thread_blocked, id=10272, stack(0x0000000018c10000,0x0000000018d10000)]
  0x00000000166e7000 JavaThread "Service Thread" daemon [_thread_blocked, id=10032, stack(0x0000000017240000,0x0000000017340000)]
  0x0000000016650800 JavaThread "C1 CompilerThread3" daemon [_thread_blocked, id=1256, stack(0x0000000017140000,0x0000000017240000)]
  0x000000001664e000 JavaThread "C2 CompilerThread2" daemon [_thread_blocked, id=20768, stack(0x0000000017040000,0x0000000017140000)]
  0x000000001664a000 JavaThread "C2 CompilerThread1" daemon [_thread_blocked, id=7328, stack(0x0000000016f40000,0x0000000017040000)]
  0x0000000016643800 JavaThread "C2 CompilerThread0" daemon [_thread_blocked, id=8944, stack(0x0000000016e40000,0x0000000016f40000)]
  0x0000000016642800 JavaThread "Attach Listener" daemon [_thread_blocked, id=9880, stack(0x0000000016d40000,0x0000000016e40000)]
  0x0000000016641800 JavaThread "Signal Dispatcher" daemon [_thread_blocked, id=13184, stack(0x0000000016c40000,0x0000000016d40000)]
  0x0000000016630800 JavaThread "Finalizer" daemon [_thread_blocked, id=2764, stack(0x0000000016a10000,0x0000000016b10000)]
  0x000000001473d000 JavaThread "Reference Handler" daemon [_thread_blocked, id=11168, stack(0x0000000016510000,0x0000000016610000)]
  0x0000000002dd5000 JavaThread "main" [_thread_blocked, id=1860, stack(0x0000000002c30000,0x0000000002d30000)]

Other Threads:
  0x0000000014737800 VMThread [stack: 0x0000000016410000,0x0000000016510000] [id=12208]
  0x0000000016717000 WatcherThread [stack: 0x0000000017340000,0x0000000017440000] [id=3188]

=>0x0000000002ded000 (exited) GCTaskThread [stack: 0x0000000012650000,0x0000000012750000] [id=15268]

VM state:at safepoint (normal execution)

VM Mutex/Monitor currently owned by a thread:  ([mutex/lock_event])
[0x0000000002dd1bd0] Threads_lock - owner thread: 0x0000000014737800
[0x0000000002dd1f50] Heap_lock - owner thread: 0x000000002a9db000

Heap:
 PSYoungGen      total 126976K, used 91648K [0x00000000f5580000, 0x00000000ff980000, 0x0000000100000000)
  eden space 91648K, 100% used [0x00000000f5580000,0x00000000faf00000,0x00000000faf00000)
  from space 35328K, 0% used [0x00000000fd300000,0x00000000fd300000,0x00000000ff580000)
  to   space 36864K, 0% used [0x00000000faf00000,0x00000000faf00000,0x00000000fd300000)
 ParOldGen       total 349696K, used 349449K [0x00000000e0000000, 0x00000000f5580000, 0x00000000f5580000)
  object space 349696K, 99% used [0x00000000e0000000,0x00000000f5542780,0x00000000f5580000)
 Metaspace       used 177126K, capacity 191650K, committed 194648K, reserved 1216512K
  class space    used 22506K, capacity 26185K, committed 27736K, reserved 1048576K

Card table byte_map: [0x0000000012290000,0x00000000123a0000] byte_map_base: 0x0000000011b90000

Marking Bits: (ParMarkBitMap*) 0x0000000064daa6d0
 Begin Bits: [0x0000000012c50000, 0x0000000013450000)
 End Bits:   [0x0000000013450000, 0x0000000013c50000)

Polling page: 0x0000000000ed0000

CodeCache: size=245760Kb used=174054Kb max_used=174078Kb free=71705Kb
 bounds [0x0000000002ed0000, 0x000000000d9d0000, 0x0000000011ed0000]
 total_blobs=44058 nmethods=43062 adapters=902
 compilation: enabled

Compilation events (10 events):
Event: 12331.988 Thread 0x0000000016650800 nmethod 61466 0x000000000d958110 code [0x000000000d958280, 0x000000000d958588]
Event: 12377.039 Thread 0x000000001664e000 61467       4       com.android.tools.r8.dex.n::d (498 bytes)
Event: 12430.461 Thread 0x000000001664a000 nmethod 61363% 0x000000000d9b3290 code [0x000000000d9b3780, 0x000000000d9ba100]
Event: 12458.554 Thread 0x000000001664a000 61469       4       com.android.tools.r8.graph.I0::b (33 bytes)
Event: 12462.359 Thread 0x000000001664a000 nmethod 61469 0x0000000007a7da50 code [0x0000000007a7db80, 0x0000000007a7dc18]
Event: 12473.779 Thread 0x0000000016650800 61470       3       com.android.tools.r8.code.H0::hashCode (21 bytes)
Event: 12478.265 Thread 0x0000000016650800 nmethod 61470 0x000000000d957c10 code [0x000000000d957d80, 0x000000000d958048]
Event: 12508.649 Thread 0x000000001664a000 61288   !   4       com.android.tools.r8.graph.W::c (34 bytes)
Event: 12522.168 Thread 0x000000001664a000 nmethod 61288 0x000000000d944410 code [0x000000000d9445c0, 0x000000000d944f78]
Event: 12558.548 Thread 0x000000001664e000 nmethod 61467 0x000000000d9c1c10 code [0x000000000d9c2040, 0x000000000d9c5358]

GC Heap History (10 events):
Event: 12555.494 GC heap after
Heap after GC invocations=1433 (full 613):
 PSYoungGen      total 126976K, used 91646K [0x00000000f5580000, 0x00000000ff980000, 0x0000000100000000)
  eden space 91648K, 99% used [0x00000000f5580000,0x00000000faeff840,0x00000000faf00000)
  from space 35328K, 0% used [0x00000000fd300000,0x00000000fd300000,0x00000000ff580000)
  to   space 36864K, 0% used [0x00000000faf00000,0x00000000faf00000,0x00000000fd300000)
 ParOldGen       total 349696K, used 349449K [0x00000000e0000000, 0x00000000f5580000, 0x00000000f5580000)
  object space 349696K, 99% used [0x00000000e0000000,0x00000000f55427e0,0x00000000f5580000)
 Metaspace       used 177126K, capacity 191650K, committed 194648K, reserved 1216512K
  class space    used 22506K, capacity 26185K, committed 27736K, reserved 1048576K
}
Event: 12555.495 GC heap before
{Heap before GC invocations=1434 (full 614):
 PSYoungGen      total 126976K, used 91648K [0x00000000f5580000, 0x00000000ff980000, 0x0000000100000000)
  eden space 91648K, 100% used [0x00000000f5580000,0x00000000faf00000,0x00000000faf00000)
  from space 35328K, 0% used [0x00000000fd300000,0x00000000fd300000,0x00000000ff580000)
  to   space 36864K, 0% used [0x00000000faf00000,0x00000000faf00000,0x00000000fd300000)
 ParOldGen       total 349696K, used 349449K [0x00000000e0000000, 0x00000000f5580000, 0x00000000f5580000)
  object space 349696K, 99% used [0x00000000e0000000,0x00000000f55427e0,0x00000000f5580000)
 Metaspace       used 177126K, capacity 191650K, committed 194648K, reserved 1216512K
  class space    used 22506K, capacity 26185K, committed 27736K, reserved 1048576K
Event: 12556.461 GC heap after
Heap after GC invocations=1434 (full 614):
 PSYoungGen      total 126976K, used 91646K [0x00000000f5580000, 0x00000000ff980000, 0x0000000100000000)
  eden space 91648K, 99% used [0x00000000f5580000,0x00000000faeff858,0x00000000faf00000)
  from space 35328K, 0% used [0x00000000fd300000,0x00000000fd300000,0x00000000ff580000)
  to   space 36864K, 0% used [0x00000000faf00000,0x00000000faf00000,0x00000000fd300000)
 ParOldGen       total 349696K, used 349449K [0x00000000e0000000, 0x00000000f5580000, 0x00000000f5580000)
  object space 349696K, 99% used [0x00000000e0000000,0x00000000f55427e0,0x00000000f5580000)
 Metaspace       used 177126K, capacity 191650K, committed 194648K, reserved 1216512K
  class space    used 22506K, capacity 26185K, committed 27736K, reserved 1048576K
}
Event: 12556.463 GC heap before
{Heap before GC invocations=1435 (full 615):
 PSYoungGen      total 126976K, used 91648K [0x00000000f5580000, 0x00000000ff980000, 0x0000000100000000)
  eden space 91648K, 100% used [0x00000000f5580000,0x00000000faf00000,0x00000000faf00000)
  from space 35328K, 0% used [0x00000000fd300000,0x00000000fd300000,0x00000000ff580000)
  to   space 36864K, 0% used [0x00000000faf00000,0x00000000faf00000,0x00000000fd300000)
 ParOldGen       total 349696K, used 349449K [0x00000000e0000000, 0x00000000f5580000, 0x00000000f5580000)
  object space 349696K, 99% used [0x00000000e0000000,0x00000000f55427e0,0x00000000f5580000)
 Metaspace       used 177126K, capacity 191650K, committed 194648K, reserved 1216512K
  class space    used 22506K, capacity 26185K, committed 27736K, reserved 1048576K
Event: 12557.509 GC heap after
Heap after GC invocations=1435 (full 615):
 PSYoungGen      total 126976K, used 91646K [0x00000000f5580000, 0x00000000ff980000, 0x0000000100000000)
  eden space 91648K, 99% used [0x00000000f5580000,0x00000000faeff908,0x00000000faf00000)
  from space 35328K, 0% used [0x00000000fd300000,0x00000000fd300000,0x00000000ff580000)
  to   space 36864K, 0% used [0x00000000faf00000,0x00000000faf00000,0x00000000fd300000)
 ParOldGen       total 349696K, used 349449K [0x00000000e0000000, 0x00000000f5580000, 0x00000000f5580000)
  object space 349696K, 99% used [0x00000000e0000000,0x00000000f55427c8,0x00000000f5580000)
 Metaspace       used 177126K, capacity 191650K, committed 194648K, reserved 1216512K
  class space    used 22506K, capacity 26185K, committed 27736K, reserved 1048576K
}
Event: 12557.510 GC heap before
{Heap before GC invocations=1436 (full 616):
 PSYoungGen      total 126976K, used 91648K [0x00000000f5580000, 0x00000000ff980000, 0x0000000100000000)
  eden space 91648K, 100% used [0x00000000f5580000,0x00000000faf00000,0x00000000faf00000)
  from space 35328K, 0% used [0x00000000fd300000,0x00000000fd300000,0x00000000ff580000)
  to   space 36864K, 0% used [0x00000000faf00000,0x00000000faf00000,0x00000000fd300000)
 ParOldGen       total 349696K, used 349449K [0x00000000e0000000, 0x00000000f5580000, 0x00000000f5580000)
  object space 349696K, 99% used [0x00000000e0000000,0x00000000f55427c8,0x00000000f5580000)
 Metaspace       used 177126K, capacity 191650K, committed 194648K, reserved 1216512K
  class space    used 22506K, capacity 26185K, committed 27736K, reserved 1048576K
Event: 12558.548 GC heap after
Heap after GC invocations=1436 (full 616):
 PSYoungGen      total 126976K, used 91646K [0x00000000f5580000, 0x00000000ff980000, 0x0000000100000000)
  eden space 91648K, 99% used [0x00000000f5580000,0x00000000faeff930,0x00000000faf00000)
  from space 35328K, 0% used [0x00000000fd300000,0x00000000fd300000,0x00000000ff580000)
  to   space 36864K, 0% used [0x00000000faf00000,0x00000000faf00000,0x00000000fd300000)
 ParOldGen       total 349696K, used 349449K [0x00000000e0000000, 0x00000000f5580000, 0x00000000f5580000)
  object space 349696K, 99% used [0x00000000e0000000,0x00000000f5542780,0x00000000f5580000)
 Metaspace       used 177126K, capacity 191650K, committed 194648K, reserved 1216512K
  class space    used 22506K, capacity 26185K, committed 27736K, reserved 1048576K
}
Event: 12558.548 GC heap before
{Heap before GC invocations=1437 (full 617):
 PSYoungGen      total 126976K, used 91648K [0x00000000f5580000, 0x00000000ff980000, 0x0000000100000000)
  eden space 91648K, 100% used [0x00000000f5580000,0x00000000faf00000,0x00000000faf00000)
  from space 35328K, 0% used [0x00000000fd300000,0x00000000fd300000,0x00000000ff580000)
  to   space 36864K, 0% used [0x00000000faf00000,0x00000000faf00000,0x00000000fd300000)
 ParOldGen       total 349696K, used 349449K [0x00000000e0000000, 0x00000000f5580000, 0x00000000f5580000)
  object space 349696K, 99% used [0x00000000e0000000,0x00000000f5542780,0x00000000f5580000)
 Metaspace       used 177126K, capacity 191650K, committed 194648K, reserved 1216512K
  class space    used 22506K, capacity 26185K, committed 27736K, reserved 1048576K
Event: 12559.730 GC heap after
Heap after GC invocations=1437 (full 617):
 PSYoungGen      total 126976K, used 91646K [0x00000000f5580000, 0x00000000ff980000, 0x0000000100000000)
  eden space 91648K, 99% used [0x00000000f5580000,0x00000000faeff948,0x00000000faf00000)
  from space 35328K, 0% used [0x00000000fd300000,0x00000000fd300000,0x00000000ff580000)
  to   space 36864K, 0% used [0x00000000faf00000,0x00000000faf00000,0x00000000fd300000)
 ParOldGen       total 349696K, used 349449K [0x00000000e0000000, 0x00000000f5580000, 0x00000000f5580000)
  object space 349696K, 99% used [0x00000000e0000000,0x00000000f5542780,0x00000000f5580000)
 Metaspace       used 177126K, capacity 191650K, committed 194648K, reserved 1216512K
  class space    used 22506K, capacity 26185K, committed 27736K, reserved 1048576K
}
Event: 12559.731 GC heap before
{Heap before GC invocations=1438 (full 618):
 PSYoungGen      total 126976K, used 91648K [0x00000000f5580000, 0x00000000ff980000, 0x0000000100000000)
  eden space 91648K, 100% used [0x00000000f5580000,0x00000000faf00000,0x00000000faf00000)
  from space 35328K, 0% used [0x00000000fd300000,0x00000000fd300000,0x00000000ff580000)
  to   space 36864K, 0% used [0x00000000faf00000,0x00000000faf00000,0x00000000fd300000)
 ParOldGen       total 349696K, used 349449K [0x00000000e0000000, 0x00000000f5580000, 0x00000000f5580000)
  object space 349696K, 99% used [0x00000000e0000000,0x00000000f5542780,0x00000000f5580000)
 Metaspace       used 177126K, capacity 191650K, committed 194648K, reserved 1216512K
  class space    used 22506K, capacity 26185K, committed 27736K, reserved 1048576K

Deoptimization events (10 events):
Event: 12220.543 Thread 0x000000001e1fd000 Uncommon trap: reason=class_check action=maybe_recompile pc=0x000000000d856a1c method=com.android.tools.r8.graph.u.collectMixedSectionItems(Lcom/android/tools/r8/dex/F;)V @ 2
Event: 12220.543 Thread 0x000000001e1fd000 Uncommon trap: reason=class_check action=maybe_recompile pc=0x000000000d856a1c method=com.android.tools.r8.graph.u.collectMixedSectionItems(Lcom/android/tools/r8/dex/F;)V @ 2
Event: 12220.641 Thread 0x000000002a9ce800 Uncommon trap: reason=array_check action=maybe_recompile pc=0x000000000c86e9e4 method=com.google.common.collect.RegularImmutableMap.fromEntryArray(I[Ljava/util/Map$Entry;)Lcom/google/common/collect/ImmutableMap; @ 157
Event: 12220.718 Thread 0x000000001e1fd000 Uncommon trap: reason=unstable_if action=reinterpret pc=0x000000000c878818 method=com.android.tools.r8.dex.m.c(I)V @ 8
Event: 12221.139 Thread 0x000000002a9ce800 Uncommon trap: reason=unstable_if action=reinterpret pc=0x000000000cda4918 method=com.android.builder.files.RelativeFile.equals(Ljava/lang/Object;)Z @ 25
Event: 12223.823 Thread 0x000000002a9d8000 Uncommon trap: reason=unstable_if action=reinterpret pc=0x0000000008b7fcb4 method=com.android.tools.r8.dex.n.i()Lcom/android/tools/r8/graph/h0; @ 34
Event: 12510.659 Thread 0x000000002a9db000 Uncommon trap: reason=class_check action=maybe_recompile pc=0x0000000009b54eb4 method=java.io.ObjectStreamClass.lookup(Ljava/lang/Class;Z)Ljava/io/ObjectStreamClass; @ 151
Event: 12511.639 Thread 0x000000002a9dc800 Uncommon trap: reason=class_check action=maybe_recompile pc=0x0000000009b54eb4 method=java.io.ObjectStreamClass.lookup(Ljava/lang/Class;Z)Ljava/io/ObjectStreamClass; @ 151
Event: 12512.620 Thread 0x000000002a9dc800 Uncommon trap: reason=unstable_if action=reinterpret pc=0x000000000ac19564 method=java.util.concurrent.ConcurrentHashMap.replaceNode(Ljava/lang/Object;Ljava/lang/Object;Ljava/lang/Object;)Ljava/lang/Object; @ 99
Event: 12512.620 Thread 0x000000002a9dc800 Uncommon trap: reason=unstable_if action=reinterpret pc=0x0000000009b53f90 method=java.io.ObjectStreamClass.lookup(Ljava/lang/Class;Z)Ljava/io/ObjectStreamClass; @ 122

Internal exceptions (10 events):
Event: 12209.541 Thread 0x000000002a9d2800 Exception <a 'sun/nio/fs/WindowsException'> (0x00000000f6205640) thrown at [C:\re\workspace\8-2-build-windows-amd64-cygwin\jdk8u101\7261\hotspot\src\share\vm\prims\jni.cpp, line 709]
Event: 12209.545 Thread 0x000000002a9d2800 Exception <a 'sun/nio/fs/WindowsException'> (0x00000000f63f8fe8) thrown at [C:\re\workspace\8-2-build-windows-amd64-cygwin\jdk8u101\7261\hotspot\src\share\vm\prims\jni.cpp, line 709]
Event: 12210.453 Thread 0x000000001e1fd800 Exception <a 'java/lang/NoSuchMethodError': <clinit>> (0x00000000f9c35120) thrown at [C:\re\workspace\8-2-build-windows-amd64-cygwin\jdk8u101\7261\hotspot\src\share\vm\prims\jni.cpp, line 1613]
Event: 12210.720 Thread 0x000000002a9dd000 Exception <a 'sun/nio/fs/WindowsException'> (0x00000000f6839dc0) thrown at [C:\re\workspace\8-2-build-windows-amd64-cygwin\jdk8u101\7261\hotspot\src\share\vm\prims\jni.cpp, line 709]
Event: 12211.972 Thread 0x000000002a9df800 Implicit null exception at 0x000000000d520896 to 0x000000000d525585
Event: 12211.972 Thread 0x000000002a9df800 Implicit null exception at 0x000000000cd459b6 to 0x000000000cd49251
Event: 12212.122 Thread 0x000000002a9df800 Exception <a 'sun/nio/fs/WindowsException'> (0x00000000f84286d0) thrown at [C:\re\workspace\8-2-build-windows-amd64-cygwin\jdk8u101\7261\hotspot\src\share\vm\prims\jni.cpp, line 709]
Event: 12212.754 Thread 0x000000001e1fa000 Exception <a 'sun/nio/fs/WindowsException'> (0x00000000f6f0e830) thrown at [C:\re\workspace\8-2-build-windows-amd64-cygwin\jdk8u101\7261\hotspot\src\share\vm\prims\jni.cpp, line 709]
Event: 12220.960 Thread 0x000000001e1fd000 Exception <a 'sun/nio/fs/WindowsException'> (0x00000000fac5be18) thrown at [C:\re\workspace\8-2-build-windows-amd64-cygwin\jdk8u101\7261\hotspot\src\share\vm\prims\jni.cpp, line 709]
Event: 12221.338 Thread 0x000000002a9cc800 Exception <a 'sun/nio/fs/WindowsException'> (0x00000000f85ddc68) thrown at [C:\re\workspace\8-2-build-windows-amd64-cygwin\jdk8u101\7261\hotspot\src\share\vm\prims\jni.cpp, line 709]

Events (10 events):
Event: 12555.494 Executing VM operation: ParallelGCFailedAllocation done
Event: 12555.494 Executing VM operation: ParallelGCFailedAllocation
Event: 12556.461 Executing VM operation: ParallelGCFailedAllocation done
Event: 12556.461 Executing VM operation: ParallelGCFailedAllocation
Event: 12557.509 Executing VM operation: ParallelGCFailedAllocation done
Event: 12557.509 Executing VM operation: ParallelGCFailedAllocation
Event: 12558.548 Executing VM operation: ParallelGCFailedAllocation done
Event: 12558.548 Executing VM operation: ParallelGCFailedAllocation
Event: 12559.730 Executing VM operation: ParallelGCFailedAllocation done
Event: 12559.730 Executing VM operation: ParallelGCFailedAllocation


Dynamic libraries:
0x00007ff70af10000 - 0x00007ff70af47000 	C:\Program Files\Java\jdk1.8.0_101\bin\java.exe
0x00007ff95fdc0000 - 0x00007ff95ffb0000 	C:\WINDOWS\SYSTEM32\ntdll.dll
0x00007ff95f6f0000 - 0x00007ff95f7a2000 	C:\WINDOWS\System32\KERNEL32.DLL
0x00007ff95ce80000 - 0x00007ff95d124000 	C:\WINDOWS\System32\KERNELBASE.dll
0x00007ff95f640000 - 0x00007ff95f6e3000 	C:\WINDOWS\System32\ADVAPI32.dll
0x00007ff95dfd0000 - 0x00007ff95e06e000 	C:\WINDOWS\System32\msvcrt.dll
0x00007ff95fa80000 - 0x00007ff95fb17000 	C:\WINDOWS\System32\sechost.dll
0x00007ff95fc60000 - 0x00007ff95fd80000 	C:\WINDOWS\System32\RPCRT4.dll
0x00007ff95eb00000 - 0x00007ff95ec94000 	C:\WINDOWS\System32\USER32.dll
0x00007ff95ce00000 - 0x00007ff95ce21000 	C:\WINDOWS\System32\win32u.dll
0x00007ff95f7b0000 - 0x00007ff95f7d6000 	C:\WINDOWS\System32\GDI32.dll
0x00007ff95db80000 - 0x00007ff95dd15000 	C:\WINDOWS\System32\gdi32full.dll
0x00007ff95d230000 - 0x00007ff95d2ce000 	C:\WINDOWS\System32\msvcp_win.dll
0x00007ff95d130000 - 0x00007ff95d22a000 	C:\WINDOWS\System32\ucrtbase.dll
0x00007ff949150000 - 0x00007ff9493d4000 	C:\WINDOWS\WinSxS\amd64_microsoft.windows.common-controls_6595b64144ccf1df_6.0.18362.900_none_e6beb9d913147d17\COMCTL32.dll
0x00007ff95e550000 - 0x00007ff95e885000 	C:\WINDOWS\System32\combase.dll
0x00007ff95d320000 - 0x00007ff95d3a0000 	C:\WINDOWS\System32\bcryptPrimitives.dll
0x00007ff95df20000 - 0x00007ff95df4e000 	C:\WINDOWS\System32\IMM32.DLL
0x0000000065b00000 - 0x0000000065bd2000 	C:\Program Files\Java\jdk1.8.0_101\jre\bin\msvcr100.dll
0x0000000064590000 - 0x0000000064e2a000 	C:\Program Files\Java\jdk1.8.0_101\jre\bin\server\jvm.dll
0x00007ff95fa70000 - 0x00007ff95fa78000 	C:\WINDOWS\System32\PSAPI.DLL
0x00007ff938690000 - 0x00007ff938699000 	C:\WINDOWS\SYSTEM32\WSOCK32.dll
0x00007ff958f40000 - 0x00007ff958f64000 	C:\WINDOWS\SYSTEM32\WINMM.dll
0x00007ff957af0000 - 0x00007ff957afa000 	C:\WINDOWS\SYSTEM32\VERSION.dll
0x00007ff95f8b0000 - 0x00007ff95f91f000 	C:\WINDOWS\System32\WS2_32.dll
0x00007ff958ed0000 - 0x00007ff958efd000 	C:\WINDOWS\SYSTEM32\WINMMBASE.dll
0x00007ff95d2d0000 - 0x00007ff95d31a000 	C:\WINDOWS\System32\cfgmgr32.dll
0x0000000067120000 - 0x000000006712f000 	C:\Program Files\Java\jdk1.8.0_101\jre\bin\verify.dll
0x0000000066ed0000 - 0x0000000066ef9000 	C:\Program Files\Java\jdk1.8.0_101\jre\bin\java.dll
0x0000000066eb0000 - 0x0000000066ec6000 	C:\Program Files\Java\jdk1.8.0_101\jre\bin\zip.dll
0x00007ff95ed00000 - 0x00007ff95f3e6000 	C:\WINDOWS\System32\SHELL32.dll
0x00007ff95e8f0000 - 0x00007ff95e999000 	C:\WINDOWS\System32\shcore.dll
0x00007ff95d3a0000 - 0x00007ff95db20000 	C:\WINDOWS\System32\windows.storage.dll
0x00007ff95ccb0000 - 0x00007ff95ccd3000 	C:\WINDOWS\System32\profapi.dll
0x00007ff95cce0000 - 0x00007ff95cd2a000 	C:\WINDOWS\System32\powrprof.dll
0x00007ff95cc80000 - 0x00007ff95cc90000 	C:\WINDOWS\System32\UMPDC.dll
0x00007ff95e890000 - 0x00007ff95e8e2000 	C:\WINDOWS\System32\shlwapi.dll
0x00007ff95cc90000 - 0x00007ff95cca1000 	C:\WINDOWS\System32\kernel.appcore.dll
0x00007ff95ce30000 - 0x00007ff95ce47000 	C:\WINDOWS\System32\cryptsp.dll
0x0000000066e90000 - 0x0000000066eaa000 	C:\Program Files\Java\jdk1.8.0_101\jre\bin\net.dll
0x00007ff95c4f0000 - 0x00007ff95c557000 	C:\WINDOWS\system32\mswsock.dll
0x0000000066e70000 - 0x0000000066e81000 	C:\Program Files\Java\jdk1.8.0_101\jre\bin\nio.dll
0x00007ff92d960000 - 0x00007ff92d987000 	C:\Users\benja\.gradle\native\f6784746aeab05261644944871eae4fe03e0ef1612fff0a4a95f87b438bc6780\windows-amd64\native-platform.dll
0x0000000067110000 - 0x000000006711d000 	C:\Program Files\Java\jdk1.8.0_101\jre\bin\management.dll
0x00007ff95c060000 - 0x00007ff95c093000 	C:\WINDOWS\system32\rsaenh.dll
0x00007ff95ce50000 - 0x00007ff95ce76000 	C:\WINDOWS\System32\bcrypt.dll
0x00007ff95cba0000 - 0x00007ff95cbc5000 	C:\WINDOWS\SYSTEM32\USERENV.dll
0x00007ff95c6c0000 - 0x00007ff95c6cc000 	C:\WINDOWS\SYSTEM32\CRYPTBASE.dll
0x00007ff95c200000 - 0x00007ff95c23a000 	C:\WINDOWS\SYSTEM32\IPHLPAPI.DLL
0x00007ff95f3f0000 - 0x00007ff95f3f8000 	C:\WINDOWS\System32\NSI.dll
0x00007ff9573e0000 - 0x00007ff9573f6000 	C:\WINDOWS\SYSTEM32\dhcpcsvc6.DLL
0x00007ff956bf0000 - 0x00007ff956c0c000 	C:\WINDOWS\SYSTEM32\dhcpcsvc.DLL
0x00007ff95c240000 - 0x00007ff95c30b000 	C:\WINDOWS\SYSTEM32\DNSAPI.dll
0x00007ff957460000 - 0x00007ff95746b000 	C:\WINDOWS\SYSTEM32\WINNSI.DLL
0x0000000065790000 - 0x00000000657b4000 	C:\Program Files\Java\jdk1.8.0_101\jre\bin\sunec.dll
0x00007ff9515e0000 - 0x00007ff9515ea000 	C:\Windows\System32\rasadhlp.dll
0x00007ff9567e0000 - 0x00007ff956857000 	C:\WINDOWS\System32\fwpuclnt.dll
0x0000000066e60000 - 0x0000000066e6b000 	C:\Program Files\Java\jdk1.8.0_101\jre\bin\sunmscapi.dll
0x00007ff95dd20000 - 0x00007ff95de69000 	C:\WINDOWS\System32\CRYPT32.dll
0x00007ff95cd30000 - 0x00007ff95cd42000 	C:\WINDOWS\System32\MSASN1.dll
0x00007ff947440000 - 0x00007ff947456000 	C:\WINDOWS\system32\napinsp.dll
0x00007ff9473d0000 - 0x00007ff9473ea000 	C:\WINDOWS\system32\pnrpnsp.dll
0x00007ff9473c0000 - 0x00007ff9473ce000 	C:\WINDOWS\System32\winrnr.dll
0x00007ff959230000 - 0x00007ff95924c000 	C:\WINDOWS\system32\NLAapi.dll
0x00007ff9473a0000 - 0x00007ff9473b5000 	C:\WINDOWS\system32\wshbth.dll
0x00007ff95bb30000 - 0x00007ff95bb61000 	C:\WINDOWS\SYSTEM32\ntmarta.dll
0x00007ff958fb0000 - 0x00007ff958fce000 	C:\Users\benja\AppData\Local\Temp\native-platform5882509748429709900dir\native-platform.dll
0x00007ff958a50000 - 0x00007ff958a6e000 	C:\Users\benja\AppData\Local\Temp\native-platform6370441323776757928dir\native-platform.dll
0x00007ff95a7f0000 - 0x00007ff95a87f000 	C:\WINDOWS\system32\apphelp.dll
0x00007ff941c20000 - 0x00007ff941c3e000 	C:\Users\benja\AppData\Local\Temp\native-platform8286322714211491311dir\native-platform.dll
0x00007ff941c00000 - 0x00007ff941c1e000 	C:\Users\benja\AppData\Local\Temp\native-platform5892510132753020237dir\native-platform.dll
0x00007ff94da50000 - 0x00007ff94dc44000 	C:\WINDOWS\SYSTEM32\dbghelp.dll

VM Arguments:
jvm_args: -XX:MaxMetaspaceSize=256m -XX:+HeapDumpOnOutOfMemoryError -Xms256m -Xmx512m -Dfile.encoding=windows-1252 -Duser.country=FR -Duser.language=fr -Duser.variant 
java_command: org.gradle.launcher.daemon.bootstrap.GradleDaemon 6.5.1
java_class_path (initial): C:\Users\benja\.gradle\wrapper\dists\gradle-6.5.1-all\cdund22i8guosqylfo49op4dv\gradle-6.5.1\lib\gradle-launcher-6.5.1.jar
Launcher Type: SUN_STANDARD

Environment Variables:
JAVA_HOME=C:\Program Files\Java\jdk1.8.0_101
CLASSPATH=C:\Users\benja\Desktop\Github\PeekABoo\android\\gradle\wrapper\gradle-wrapper.jar
PATH=C:\Users\benja\AppData\Roaming\npm\node_modules\npm\node_modules\npm-lifecycle\node-gyp-bin;C:\Users\benja\Desktop\Github\PeekABoo\node_modules\.bin;C:\Program Files (x86)\Common Files\Oracle\Java\javapath;C:\ProgramData\Oracle\Java\javapath;C:\Windows\system32;C:\Windows;C:\Windows\System32\Wbem;C:\Windows\System32\WindowsPowerShell\v1.0\;C:\Program Files (x86)\NVIDIA Corporation\PhysX\Common;C:\Program Files (x86)\GtkSharp\2.12\bin;C:\Program Files (x86)\Skype\Phone\;C:\Program Files (x86)\PuTTY\;C:\WINDOWS\system32;C:\WINDOWS;C:\WINDOWS\System32\Wbem;C:\WINDOWS\System32\WindowsPowerShell\v1.0\;C:\wamp64\bin\php\php5.6.19;C:\composer;C:\Program Files\Git\cmd;C:\WINDOWS\System32\OpenSSH\;C:\Program Files\Java\jdk1.8.0_101\bin;C:\Program Files\Java\jre1.8.0_211\bin;C:\Program Files (x86)\sbt\bin;C:\Program Files\NVIDIA Corporation\NVIDIA NvDLISR;C:\Go\bin;C:\WINDOWS\system32;C:\WINDOWS;C:\WINDOWS\System32\Wbem;C:\WINDOWS\System32\WindowsPowerShell\v1.0\;C:\WINDOWS\System32\OpenSSH\;C:\Program Files\nodejs\;C:\Program Files (x86)\Intel\Intel(R) Management Engine Components\DAL;C:\Program Files\Intel\Intel(R) Management Engine Components\DAL;C:\Gradle\gradle-6.5.1\bin;C:\Users\benja\AppData\Local\Microsoft\WindowsApps;C:\Users\benja\AppData\Roaming\Composer\vendor\bin;C:\Users\benja\AppData\Local\.meteor\;C:\Users\benja\AppData\Local\GitHubDesktop\bin;C:\Program Files\heroku\bin;C:\Program Files\Docker Toolbox;C:\Users\benja\AppData\Local\Programs\Microsoft VS Code\bin;C:\Users\benja\go\bin;C:\Users\benja\AppData\Local\Microsoft\WindowsApps;C:\Users\benja\AppData\Roaming\npm
USERNAME=benja
OS=Windows_NT
PROCESSOR_IDENTIFIER=Intel64 Family 6 Model 94 Stepping 3, GenuineIntel



---------------  S Y S T E M  ---------------

OS: Windows 10.0 , 64 bit Build 18362 (10.0.18362.900)

CPU:total 8 (4 cores per cpu, 2 threads per core) family 6 model 94 stepping 3, cmov, cx8, fxsr, mmx, sse, sse2, sse3, ssse3, sse4.1, sse4.2, popcnt, avx, avx2, aes, clmul, erms, rtm, 3dnowpref, lzcnt, ht, tsc, tscinvbit, bmi1, bmi2, adx

Memory: 4k page, physical 16650688k(4733276k free), swap 20199772k(3062744k free)

vm_info: Java HotSpot(TM) 64-Bit Server VM (25.101-b13) for windows-amd64 JRE (1.8.0_101-b13), built on Jun 22 2016 01:21:29 by "java_re" with MS VC++ 10.0 (VS2010)

time: Fri Jul 10 17:51:53 2020
elapsed time: 12559 seconds (0d 3h 29m 19s)

